<?xml version="1.0" encoding="UTF-8" ?>
<testsuite tests="1" failures="0" name="util.Opdracht1" time="72.232" errors="1" skipped="0">
  <properties>
[...]
</properties>
  <testcase classname="util.Opdracht1" name="hello" time="68.192">
    <error message="Exception [EclipseLink-4002] (Eclipse Persistence Services - 2.6.0.v20140809-296a69f): org.eclipse.persistence.exceptions.DatabaseException
Internal Exception: com.mysql.jdbc.exceptions.jdbc4.MySQLIntegrityConstraintViolationException: Duplicate entry &apos;112&apos; for key &apos;ACCOUNTNR&apos;
Error Code: 1062
Call: INSERT INTO ACCOUNT (ACCOUNTNR, BALANCE, THRESHOLD) VALUES (?, ?, ?)
	bind =&gt; [112, 0, 0]
Query: InsertObjectQuery(bank.domain.Account@6e24ce51)" type="javax.persistence.RollbackException">javax.persistence.RollbackException: Exception [EclipseLink-4002] (Eclipse Persistence Services - 2.6.0.v20140809-296a69f): org.eclipse.persistence.exceptions.DatabaseException
Internal Exception: com.mysql.jdbc.exceptions.jdbc4.MySQLIntegrityConstraintViolationException: Duplicate entry &apos;112&apos; for key &apos;ACCOUNTNR&apos;
Error Code: 1062
Call: INSERT INTO ACCOUNT (ACCOUNTNR, BALANCE, THRESHOLD) VALUES (?, ?, ?)
	bind =&gt; [112, 0, 0]
Query: InsertObjectQuery(bank.domain.Account@6e24ce51)
	at org.eclipse.persistence.internal.jpa.transaction.EntityTransactionImpl.commit(EntityTransactionImpl.java:159)
	at util.Opdracht1.hello(Opdracht1.java:63)
	at sun.reflect.NativeMethodAccessorImpl.invoke0(Native Method)
	at sun.reflect.NativeMethodAccessorImpl.invoke(NativeMethodAccessorImpl.java:62)
	at sun.reflect.DelegatingMethodAccessorImpl.invoke(DelegatingMethodAccessorImpl.java:43)
	at java.lang.reflect.Method.invoke(Method.java:483)
	at org.junit.runners.model.FrameworkMethod$1.runReflectiveCall(FrameworkMethod.java:47)
	at org.junit.internal.runners.model.ReflectiveCallable.run(ReflectiveCallable.java:12)
	at org.junit.runners.model.FrameworkMethod.invokeExplosively(FrameworkMethod.java:44)
	at org.junit.internal.runners.statements.InvokeMethod.evaluate(InvokeMethod.java:17)
	at org.junit.internal.runners.statements.RunBefores.evaluate(RunBefores.java:26)
	at org.junit.internal.runners.statements.RunAfters.evaluate(RunAfters.java:27)
	at org.junit.runners.ParentRunner.runLeaf(ParentRunner.java:271)
	at org.junit.runners.BlockJUnit4ClassRunner.runChild(BlockJUnit4ClassRunner.java:70)
	at org.junit.runners.BlockJUnit4ClassRunner.runChild(BlockJUnit4ClassRunner.java:50)
	at org.junit.runners.ParentRunner$3.run(ParentRunner.java:238)
	at org.junit.runners.ParentRunner$1.schedule(ParentRunner.java:63)
	at org.junit.runners.ParentRunner.runChildren(ParentRunner.java:236)
	at org.junit.runners.ParentRunner.access$000(ParentRunner.java:53)
	at org.junit.runners.ParentRunner$2.evaluate(ParentRunner.java:229)
	at org.junit.internal.runners.statements.RunBefores.evaluate(RunBefores.java:26)
	at org.junit.internal.runners.statements.RunAfters.evaluate(RunAfters.java:27)
	at org.junit.runners.ParentRunner.run(ParentRunner.java:309)
	at org.apache.maven.surefire.junit4.JUnit4TestSet.execute(JUnit4TestSet.java:53)
	at org.apache.maven.surefire.junit4.JUnit4Provider.executeTestSet(JUnit4Provider.java:123)
	at org.apache.maven.surefire.junit4.JUnit4Provider.invoke(JUnit4Provider.java:104)
	at sun.reflect.NativeMethodAccessorImpl.invoke0(Native Method)
	at sun.reflect.NativeMethodAccessorImpl.invoke(NativeMethodAccessorImpl.java:62)
	at sun.reflect.DelegatingMethodAccessorImpl.invoke(DelegatingMethodAccessorImpl.java:43)
	at java.lang.reflect.Method.invoke(Method.java:483)
	at org.apache.maven.surefire.util.ReflectionUtils.invokeMethodWithArray(ReflectionUtils.java:164)
	at org.apache.maven.surefire.booter.ProviderFactory$ProviderProxy.invoke(ProviderFactory.java:110)
	at org.apache.maven.surefire.booter.SurefireStarter.invokeProvider(SurefireStarter.java:175)
	at org.apache.maven.surefire.booter.SurefireStarter.runSuitesInProcessWhenForked(SurefireStarter.java:107)
	at org.apache.maven.surefire.booter.ForkedBooter.main(ForkedBooter.java:68)
Caused by: Exception [EclipseLink-4002] (Eclipse Persistence Services - 2.6.0.v20140809-296a69f): org.eclipse.persistence.exceptions.DatabaseException
Internal Exception: com.mysql.jdbc.exceptions.jdbc4.MySQLIntegrityConstraintViolationException: Duplicate entry &apos;112&apos; for key &apos;ACCOUNTNR&apos;
Error Code: 1062
Call: INSERT INTO ACCOUNT (ACCOUNTNR, BALANCE, THRESHOLD) VALUES (?, ?, ?)
	bind =&gt; [112, 0, 0]
Query: InsertObjectQuery(bank.domain.Account@6e24ce51)
	at org.eclipse.persistence.exceptions.DatabaseException.sqlException(DatabaseException.java:331)
	at org.eclipse.persistence.internal.databaseaccess.DatabaseAccessor.executeDirectNoSelect(DatabaseAccessor.java:900)
	at org.eclipse.persistence.internal.databaseaccess.DatabaseAccessor.executeNoSelect(DatabaseAccessor.java:962)
	at org.eclipse.persistence.internal.databaseaccess.DatabaseAccessor.basicExecuteCall(DatabaseAccessor.java:631)
	at org.eclipse.persistence.internal.databaseaccess.DatabaseAccessor.executeCall(DatabaseAccessor.java:558)
	at org.eclipse.persistence.internal.sessions.AbstractSession.basicExecuteCall(AbstractSession.java:2000)
	at org.eclipse.persistence.sessions.server.ClientSession.executeCall(ClientSession.java:298)
	at org.eclipse.persistence.internal.queries.DatasourceCallQueryMechanism.executeCall(DatasourceCallQueryMechanism.java:242)
	at org.eclipse.persistence.internal.queries.DatasourceCallQueryMechanism.executeCall(DatasourceCallQueryMechanism.java:228)
	at org.eclipse.persistence.internal.queries.DatasourceCallQueryMechanism.insertObject(DatasourceCallQueryMechanism.java:377)
	at org.eclipse.persistence.internal.queries.StatementQueryMechanism.insertObject(StatementQueryMechanism.java:165)
	at org.eclipse.persistence.internal.queries.StatementQueryMechanism.insertObject(StatementQueryMechanism.java:180)
	at org.eclipse.persistence.internal.queries.DatabaseQueryMechanism.insertObjectForWrite(DatabaseQueryMechanism.java:489)
	at org.eclipse.persistence.queries.InsertObjectQuery.executeCommit(InsertObjectQuery.java:80)
	at org.eclipse.persistence.queries.InsertObjectQuery.executeCommitWithChangeSet(InsertObjectQuery.java:90)
	at org.eclipse.persistence.internal.queries.DatabaseQueryMechanism.executeWriteWithChangeSet(DatabaseQueryMechanism.java:301)
	at org.eclipse.persistence.queries.WriteObjectQuery.executeDatabaseQuery(WriteObjectQuery.java:58)
	at org.eclipse.persistence.queries.DatabaseQuery.execute(DatabaseQuery.java:899)
	at org.eclipse.persistence.queries.DatabaseQuery.executeInUnitOfWork(DatabaseQuery.java:798)
	at org.eclipse.persistence.queries.ObjectLevelModifyQuery.executeInUnitOfWorkObjectLevelModifyQuery(ObjectLevelModifyQuery.java:108)
	at org.eclipse.persistence.queries.ObjectLevelModifyQuery.executeInUnitOfWork(ObjectLevelModifyQuery.java:85)
	at org.eclipse.persistence.internal.sessions.UnitOfWorkImpl.internalExecuteQuery(UnitOfWorkImpl.java:2896)
	at org.eclipse.persistence.internal.sessions.AbstractSession.executeQuery(AbstractSession.java:1802)
	at org.eclipse.persistence.internal.sessions.AbstractSession.executeQuery(AbstractSession.java:1784)
	at org.eclipse.persistence.internal.sessions.AbstractSession.executeQuery(AbstractSession.java:1735)
	at org.eclipse.persistence.internal.sessions.CommitManager.commitNewObjectsForClassWithChangeSet(CommitManager.java:227)
	at org.eclipse.persistence.internal.sessions.CommitManager.commitAllObjectsWithChangeSet(CommitManager.java:126)
	at org.eclipse.persistence.internal.sessions.AbstractSession.writeAllObjectsWithChangeSet(AbstractSession.java:4205)
	at org.eclipse.persistence.internal.sessions.UnitOfWorkImpl.commitToDatabase(UnitOfWorkImpl.java:1441)
	at org.eclipse.persistence.internal.sessions.UnitOfWorkImpl.commitToDatabaseWithChangeSet(UnitOfWorkImpl.java:1531)
	at org.eclipse.persistence.internal.sessions.RepeatableWriteUnitOfWork.commitRootUnitOfWork(RepeatableWriteUnitOfWork.java:278)
	at org.eclipse.persistence.internal.sessions.UnitOfWorkImpl.commitAndResume(UnitOfWorkImpl.java:1169)
	at org.eclipse.persistence.internal.jpa.transaction.EntityTransactionImpl.commit(EntityTransactionImpl.java:134)
	... 34 more
Caused by: com.mysql.jdbc.exceptions.jdbc4.MySQLIntegrityConstraintViolationException: Duplicate entry &apos;112&apos; for key &apos;ACCOUNTNR&apos;
	at sun.reflect.NativeConstructorAccessorImpl.newInstance0(Native Method)
	at sun.reflect.NativeConstructorAccessorImpl.newInstance(NativeConstructorAccessorImpl.java:62)
	at sun.reflect.DelegatingConstructorAccessorImpl.newInstance(DelegatingConstructorAccessorImpl.java:45)
	at java.lang.reflect.Constructor.newInstance(Constructor.java:408)
	at com.mysql.jdbc.Util.handleNewInstance(Util.java:377)
	at com.mysql.jdbc.Util.getInstance(Util.java:360)
	at com.mysql.jdbc.SQLError.createSQLException(SQLError.java:971)
	at com.mysql.jdbc.MysqlIO.checkErrorPacket(MysqlIO.java:3887)
	at com.mysql.jdbc.MysqlIO.checkErrorPacket(MysqlIO.java:3823)
	at com.mysql.jdbc.MysqlIO.sendCommand(MysqlIO.java:2435)
	at com.mysql.jdbc.MysqlIO.sqlQueryDirect(MysqlIO.java:2582)
	at com.mysql.jdbc.ConnectionImpl.execSQL(ConnectionImpl.java:2530)
	at com.mysql.jdbc.PreparedStatement.executeInternal(PreparedStatement.java:1907)
	at com.mysql.jdbc.PreparedStatement.executeUpdate(PreparedStatement.java:2141)
	at com.mysql.jdbc.PreparedStatement.executeUpdate(PreparedStatement.java:2077)
	at com.mysql.jdbc.PreparedStatement.executeUpdate(PreparedStatement.java:2062)
	at org.eclipse.persistence.internal.databaseaccess.DatabaseAccessor.executeDirectNoSelect(DatabaseAccessor.java:890)
	... 65 more
</error>
    <system-out>[EL Config]: metadata: 2014-11-24 12:37:39.088--ServerSession(773662650)--Thread(Thread[main,5,main])--The access type for the persistent class [class bank.domain.Account] is set to [FIELD].
[EL Config]: metadata: 2014-11-24 12:37:39.138--ServerSession(773662650)--Thread(Thread[main,5,main])--The alias name for the entity class [class bank.domain.Account] is being defaulted to: Account.
[EL Config]: metadata: 2014-11-24 12:37:39.145--ServerSession(773662650)--Thread(Thread[main,5,main])--The table name for entity [class bank.domain.Account] is being defaulted to: ACCOUNT.
[EL Config]: metadata: 2014-11-24 12:37:39.183--ServerSession(773662650)--Thread(Thread[main,5,main])--The column name for element [balance] is being defaulted to: BALANCE.
[EL Config]: metadata: 2014-11-24 12:37:39.186--ServerSession(773662650)--Thread(Thread[main,5,main])--The column name for element [accountNr] is being defaulted to: ACCOUNTNR.
[EL Config]: metadata: 2014-11-24 12:37:39.186--ServerSession(773662650)--Thread(Thread[main,5,main])--The column name for element [threshold] is being defaulted to: THRESHOLD.
[EL Config]: metadata: 2014-11-24 12:37:39.187--ServerSession(773662650)--Thread(Thread[main,5,main])--The column name for element [Id] is being defaulted to: ID.
[EL Info]: 2014-11-24 12:37:40.349--ServerSession(773662650)--Thread(Thread[main,5,main])--EclipseLink, version: Eclipse Persistence Services - 2.6.0.v20140809-296a69f
[EL Fine]: connection: 2014-11-24 12:37:40.927--Thread(Thread[main,5,main])--Detected database platform: org.eclipse.persistence.platform.database.MySQLPlatform
[EL Config]: connection: 2014-11-24 12:37:40.942--ServerSession(773662650)--Connection(1235151206)--Thread(Thread[main,5,main])--connecting(DatabaseLogin(
	platform=&gt;MySQLPlatform
	user name=&gt; &quot;SE42&quot;
	datasource URL=&gt; &quot;jdbc:mysql://moridrin.com:3306/se42&quot;
))
[EL Config]: connection: 2014-11-24 12:37:41.224--ServerSession(773662650)--Connection(578969118)--Thread(Thread[main,5,main])--Connected: jdbc:mysql://moridrin.com:3306/se42
	User: SE42@ip-145-144-249-116.workstations.fontys.nl
	Database: MySQL  Version: 5.5.39
	Driver: MySQL Connector Java  Version: mysql-connector-java-5.1.34 ( Revision: jess.balint@oracle.com-20141014163213-wqbwpf1ok2kvo1om )
[EL Info]: connection: 2014-11-24 12:37:41.559--ServerSession(773662650)--Thread(Thread[main,5,main])--file:/C:/Users/Jeroen/Workspaces/GIT/Classes/SE42/bank/target/classes/_bankPU login successful
[EL Fine]: sql: 2014-11-24 12:38:49.776--ClientSession(287933084)--Connection(578969118)--Thread(Thread[main,5,main])--INSERT INTO ACCOUNT (ACCOUNTNR, BALANCE, THRESHOLD) VALUES (?, ?, ?)
	bind =&gt; [112, 0, 0]
[EL Fine]: sql: 2014-11-24 12:38:49.864--ClientSession(287933084)--Thread(Thread[main,5,main])--SELECT 1
[EL Warning]: 2014-11-24 12:38:49.902--UnitOfWork(758201484)--Thread(Thread[main,5,main])--Exception [EclipseLink-4002] (Eclipse Persistence Services - 2.6.0.v20140809-296a69f): org.eclipse.persistence.exceptions.DatabaseException
Internal Exception: com.mysql.jdbc.exceptions.jdbc4.MySQLIntegrityConstraintViolationException: Duplicate entry &apos;112&apos; for key &apos;ACCOUNTNR&apos;
Error Code: 1062
Call: INSERT INTO ACCOUNT (ACCOUNTNR, BALANCE, THRESHOLD) VALUES (?, ?, ?)
	bind =&gt; [112, 0, 0]
Query: InsertObjectQuery(bank.domain.Account@6e24ce51)
</system-out>
  </testcase>
</testsuite>